Using pre-set license
Built from '2021.2/staging' branch; Version is '2021.2.7f1 (6bd9e232123f) revision 7068130'; Using compiler version '192829333'; Build Type 'Release'
OS: 'Windows 10  (10.0.19042) 64bit Core' Language: 'en' Physical Memory: 4001 MB
BatchMode: 1, IsHumanControllingUs: 0, StartBugReporterOnCrash: 0, Is64bit: 1, IsPro: 0

COMMAND LINE ARGUMENTS:
C:\Program Files\Unity\Hub\Editor\2021.2.7f1\Editor\Unity.exe
-adb2
-batchMode
-noUpm
-name
AssetImportWorker2
-projectPath
C:/Users/cianh/OneDrive/Desktop/Project
-logFile
Logs/AssetImportWorker2.log
-srvPort
50354
Successfully changed project path to: C:/Users/cianh/OneDrive/Desktop/Project
C:/Users/cianh/OneDrive/Desktop/Project
[UnityMemory] Configuration Parameters - Can be set up in boot.config
    "memorysetup-bucket-allocator-granularity=16"
    "memorysetup-bucket-allocator-bucket-count=8"
    "memorysetup-bucket-allocator-block-size=33554432"
    "memorysetup-bucket-allocator-block-count=8"
    "memorysetup-main-allocator-block-size=16777216"
    "memorysetup-thread-allocator-block-size=16777216"
    "memorysetup-gfx-main-allocator-block-size=16777216"
    "memorysetup-gfx-thread-allocator-block-size=16777216"
    "memorysetup-cache-allocator-block-size=4194304"
    "memorysetup-typetree-allocator-block-size=2097152"
    "memorysetup-profiler-bucket-allocator-granularity=16"
    "memorysetup-profiler-bucket-allocator-bucket-count=8"
    "memorysetup-profiler-bucket-allocator-block-size=33554432"
    "memorysetup-profiler-bucket-allocator-block-count=8"
    "memorysetup-profiler-allocator-block-size=16777216"
    "memorysetup-profiler-editor-allocator-block-size=1048576"
    "memorysetup-temp-allocator-size-main=16777216"
    "memorysetup-job-temp-allocator-block-size=2097152"
    "memorysetup-job-temp-allocator-block-size-background=1048576"
    "memorysetup-job-temp-allocator-reduction-small-platforms=262144"
    "memorysetup-temp-allocator-size-background-worker=32768"
    "memorysetup-temp-allocator-size-job-worker=262144"
    "memorysetup-temp-allocator-size-preload-manager=33554432"
    "memorysetup-temp-allocator-size-nav-mesh-worker=65536"
    "memorysetup-temp-allocator-size-audio-worker=65536"
    "memorysetup-temp-allocator-size-cloud-worker=32768"
    "memorysetup-temp-allocator-size-gi-baking-worker=262144"
    "memorysetup-temp-allocator-size-gfx=262144"
Refreshing native plugins compatible for Editor in 590.85 ms, found 3 plugins.
Preloading 0 native plugins for Editor in 0.00 ms.
Initialize engine version: 2021.2.7f1 (6bd9e232123f)
[Subsystems] Discovering subsystems at path C:/Program Files/Unity/Hub/Editor/2021.2.7f1/Editor/Data/Resources/UnitySubsystems
[Subsystems] Discovering subsystems at path C:/Users/cianh/OneDrive/Desktop/Project/Assets
GfxDevice: creating device client; threaded=0; jobified=0
Direct3D:
    Version:  Direct3D 11.0 [level 11.1]
    Renderer: Intel(R) HD Graphics (ID=0x22b1)
    Vendor:   Intel
    VRAM:     2000 MB
    Driver:   20.19.15.4624
Initialize mono
Mono path[0] = 'C:/Program Files/Unity/Hub/Editor/2021.2.7f1/Editor/Data/Managed'
Mono path[1] = 'C:/Program Files/Unity/Hub/Editor/2021.2.7f1/Editor/Data/MonoBleedingEdge/lib/mono/unityjit-win32'
Mono config path = 'C:/Program Files/Unity/Hub/Editor/2021.2.7f1/Editor/Data/MonoBleedingEdge/etc'
Using monoOptions --debugger-agent=transport=dt_socket,embedding=1,server=y,suspend=n,address=127.0.0.1:56596
Begin MonoManager ReloadAssembly
Registering precompiled unity dll's ...
Register platform support module: C:/Program Files/Unity/Hub/Editor/2021.2.7f1/Editor/Data/PlaybackEngines/WindowsStandaloneSupport/UnityEditor.WindowsStandalone.Extensions.dll
Registered in 0.041817 seconds.
Native extension for WindowsStandalone target not found
Refreshing native plugins compatible for Editor in 290.92 ms, found 3 plugins.
Preloading 0 native plugins for Editor in 0.00 ms.
Mono: successfully reloaded assembly
- Completed reload, in  3.279 seconds
Domain Reload Profiling:
	ReloadAssembly (3282ms)
		BeginReloadAssembly (467ms)
			ExecutionOrderSort (0ms)
			DisableScriptedObjects (0ms)
			BackupInstance (0ms)
			ReleaseScriptingObjects (0ms)
			CreateAndSetChildDomain (3ms)
		EndReloadAssembly (2371ms)
			LoadAssemblies (453ms)
			RebuildTransferFunctionScriptingTraits (0ms)
			SetupTypeCache (559ms)
			ReleaseScriptCaches (0ms)
			RebuildScriptCaches (149ms)
			SetupLoadedEditorAssemblies (1395ms)
				LogAssemblyErrors (0ms)
				InitializePlatformSupportModulesInManaged (82ms)
				SetLoadedEditorAssemblies (1ms)
				RefreshPlugins (291ms)
				BeforeProcessingInitializeOnLoad (5ms)
				ProcessInitializeOnLoadAttributes (773ms)
				ProcessInitializeOnLoadMethodAttributes (241ms)
				AfterProcessingInitializeOnLoad (0ms)
				EditorAssembliesLoaded (1ms)
			ExecutionOrderSort2 (0ms)
			AwakeInstancesAfterBackupRestoration (0ms)
Platform modules already initialized, skipping
Registering precompiled user dll's ...
Registered in 0.040316 seconds.
Begin MonoManager ReloadAssembly
Native extension for WindowsStandalone target not found
Refreshing native plugins compatible for Editor in 2.02 ms, found 3 plugins.
Preloading 0 native plugins for Editor in 0.00 ms.
Mono: successfully reloaded assembly
- Completed reload, in  4.258 seconds
Domain Reload Profiling:
	ReloadAssembly (4262ms)
		BeginReloadAssembly (598ms)
			ExecutionOrderSort (0ms)
			DisableScriptedObjects (30ms)
			BackupInstance (0ms)
			ReleaseScriptingObjects (1ms)
			CreateAndSetChildDomain (78ms)
		EndReloadAssembly (3152ms)
			LoadAssemblies (535ms)
			RebuildTransferFunctionScriptingTraits (0ms)
			SetupTypeCache (1038ms)
			ReleaseScriptCaches (2ms)
			RebuildScriptCaches (275ms)
			SetupLoadedEditorAssemblies (1164ms)
				LogAssemblyErrors (0ms)
				InitializePlatformSupportModulesInManaged (61ms)
				SetLoadedEditorAssemblies (2ms)
				RefreshPlugins (2ms)
				BeforeProcessingInitializeOnLoad (376ms)
				ProcessInitializeOnLoadAttributes (579ms)
				ProcessInitializeOnLoadMethodAttributes (98ms)
				AfterProcessingInitializeOnLoad (45ms)
				EditorAssembliesLoaded (1ms)
			ExecutionOrderSort2 (0ms)
			AwakeInstancesAfterBackupRestoration (32ms)
Platform modules already initialized, skipping
========================================================================
Worker process is ready to serve import requests
Launched and connected shader compiler UnityShaderCompiler.exe after 0.42 seconds
Refreshing native plugins compatible for Editor in 17.60 ms, found 3 plugins.
Preloading 0 native plugins for Editor in 0.00 ms.
Unloading 3224 Unused Serialized files (Serialized files now loaded: 0)
Unloading 19 unused Assets / (56.4 KB). Loaded Objects now: 3678.
Memory consumption went from 111.9 MB to 111.9 MB.
Total: 13.034800 ms (FindLiveObjects: 1.492200 ms CreateObjectMapping: 0.754300 ms MarkObjects: 10.455600 ms  DeleteObjects: 0.327100 ms)

AssetImportParameters requested are different than current active one (requested -> active):
  custom:video-decoder-ogg-theora: a1e56fd34408186e4bbccfd4996cb3dc -> 
  custom:container-muxer-webm: aa71ff27fc2769a1b78a27578f13a17b -> 
  custom:container-demuxer-webm: 4f35f7cbe854078d1ac9338744f61a02 -> 
  custom:video-encoder-webm-vp8: eb34c28f22e8b96e1ab97ce403110664 -> 
  custom:video-codec-MediaFoundation-h265: 746d11721c4dcdbdad8f713fa42b33f4 -> 
  custom:audio-encoder-webm-vorbis: bf7c407c2cedff20999df2af8eb42d56 -> 
  custom:framework-win-MediaFoundation: 216162199b28c13a410421893ffa2e32 -> 
  custom:container-demuxer-ogg: 62fdf1f143b41e24485cea50d1cbac27 -> 
  custom:video-decoder-webm-vp8: 9c59270c3fd7afecdb556c50c9e8de78 -> 
  custom:audio-decoder-ogg-vorbis: bf7c407c2cedff20999df2af8eb42d56 -> 
========================================================================
Received Import Request.
  Time since last request: 348126.517545 seconds.
  path: Assets/ObstacleCoursePack/Prefabs/RotationPlat.prefab
  artifactKey: Guid(a70841853b0e99545a7dc761ea9def4d) Importer(815301076,1909f56bfc062723c751e8b465ee728b)
Start importing Assets/ObstacleCoursePack/Prefabs/RotationPlat.prefab using Guid(a70841853b0e99545a7dc761ea9def4d) Importer(815301076,1909f56bfc062723c751e8b465ee728b)  -> (artifact id: '2aa18a37c100a29eb59a3beb11e7bbe6') in 0.642232 seconds 
========================================================================
Received Import Request.
  Time since last request: 0.000093 seconds.
  path: Assets/ObstacleCoursePack/Materials/Yellow.mat
  artifactKey: Guid(af19a61c0cc985d4d91ca0e18b899983) Importer(815301076,1909f56bfc062723c751e8b465ee728b)
Start importing Assets/ObstacleCoursePack/Materials/Yellow.mat using Guid(af19a61c0cc985d4d91ca0e18b899983) Importer(815301076,1909f56bfc062723c751e8b465ee728b)  -> (artifact id: '24d3136487886c115ca6660df7285e3e') in 0.226510 seconds 
========================================================================
Received Import Request.
  Time since last request: 0.000111 seconds.
  path: Assets/ObstacleCoursePack/Prefabs/WallMovable.prefab
  artifactKey: Guid(1f9416082698e614ebb7003c2d80098b) Importer(815301076,1909f56bfc062723c751e8b465ee728b)
Start importing Assets/ObstacleCoursePack/Prefabs/WallMovable.prefab using Guid(1f9416082698e614ebb7003c2d80098b) Importer(815301076,1909f56bfc062723c751e8b465ee728b)  -> (artifact id: '0a74399d10d963704a8d9d1b4584a4cd') in 0.102189 seconds 
========================================================================
Received Import Request.
  Time since last request: 0.000143 seconds.
  path: Assets/ObstacleCoursePack/Prefabs/RBCubes.prefab
  artifactKey: Guid(a48714e39c2ecc644b62544a3a53c53a) Importer(815301076,1909f56bfc062723c751e8b465ee728b)
Start importing Assets/ObstacleCoursePack/Prefabs/RBCubes.prefab using Guid(a48714e39c2ecc644b62544a3a53c53a) Importer(815301076,1909f56bfc062723c751e8b465ee728b)  -> (artifact id: 'c46c1945fabf9225016ac7df55fc476a') in 0.070420 seconds 
========================================================================
Received Import Request.
  Time since last request: 0.000096 seconds.
  path: Assets/ObstacleCoursePack/Materials/Pink.mat
  artifactKey: Guid(f849da5dbad64cc4a90ffdf153295e54) Importer(815301076,1909f56bfc062723c751e8b465ee728b)
Start importing Assets/ObstacleCoursePack/Materials/Pink.mat using Guid(f849da5dbad64cc4a90ffdf153295e54) Importer(815301076,1909f56bfc062723c751e8b465ee728b)  -> (artifact id: 'ea81574f580ef5d3ad97599db967542e') in 0.070570 seconds 
========================================================================
Received Import Request.
  Time since last request: 0.000124 seconds.
  path: Assets/ObstacleCoursePack/PhysicMaterials/Friction.physicMaterial
  artifactKey: Guid(4f9b3b62200b5134bb2c30750747a446) Importer(815301076,1909f56bfc062723c751e8b465ee728b)
Start importing Assets/ObstacleCoursePack/PhysicMaterials/Friction.physicMaterial using Guid(4f9b3b62200b5134bb2c30750747a446) Importer(815301076,1909f56bfc062723c751e8b465ee728b)  -> (artifact id: 'd8d749299f68dda8066cebd5cbdbda29') in 0.037935 seconds 
========================================================================
Received Import Request.
  Time since last request: 0.001012 seconds.
  path: Assets/ObstacleCoursePack/PhysicMaterials/Slipery.physicMaterial
  artifactKey: Guid(42f5937c5cd107c44bcdb155f14c54c0) Importer(815301076,1909f56bfc062723c751e8b465ee728b)
Start importing Assets/ObstacleCoursePack/PhysicMaterials/Slipery.physicMaterial using Guid(42f5937c5cd107c44bcdb155f14c54c0) Importer(815301076,1909f56bfc062723c751e8b465ee728b)  -> (artifact id: '0d62d1471ffd4a778f8138c1fcad0e63') in 0.035117 seconds 
========================================================================
Received Import Request.
  Time since last request: 0.000077 seconds.
  path: Assets/Supercyan Character Pack Free Sample
  artifactKey: Guid(d6cd17213c9f97847a12dab8eb194b2f) Importer(815301076,1909f56bfc062723c751e8b465ee728b)
Start importing Assets/Supercyan Character Pack Free Sample using Guid(d6cd17213c9f97847a12dab8eb194b2f) Importer(815301076,1909f56bfc062723c751e8b465ee728b)  -> (artifact id: 'c9890525032f408e234feb100fcdd31c') in 0.030730 seconds 
========================================================================
Received Import Request.
  Time since last request: 0.000157 seconds.
  path: Assets/ObstacleCoursePack/Controller/Camera Holder.prefab
  artifactKey: Guid(74fe7eed3ad8ec84bb8770355f363fda) Importer(815301076,1909f56bfc062723c751e8b465ee728b)
Start importing Assets/ObstacleCoursePack/Controller/Camera Holder.prefab using Guid(74fe7eed3ad8ec84bb8770355f363fda) Importer(815301076,1909f56bfc062723c751e8b465ee728b)  -> (artifact id: 'ed0f58f1f568b3cf2925119a97cceaba') in 0.044154 seconds 
========================================================================
Received Import Request.
  Time since last request: 0.000116 seconds.
  path: Assets/ObstacleCoursePack/Prefabs
  artifactKey: Guid(0c05e4bbc57df5145937585c146846a2) Importer(815301076,1909f56bfc062723c751e8b465ee728b)
Start importing Assets/ObstacleCoursePack/Prefabs using Guid(0c05e4bbc57df5145937585c146846a2) Importer(815301076,1909f56bfc062723c751e8b465ee728b)  -> (artifact id: '9e87ab4bcbae17696179bcbf8dbc84a8') in 0.062267 seconds 
========================================================================
Received Import Request.
  Time since last request: 0.000114 seconds.
  path: Assets/ObstacleCoursePack/PhysicMaterials/Normal.physicMaterial
  artifactKey: Guid(c5881576458665e4eb49f9bcbb8f6066) Importer(815301076,1909f56bfc062723c751e8b465ee728b)
Start importing Assets/ObstacleCoursePack/PhysicMaterials/Normal.physicMaterial using Guid(c5881576458665e4eb49f9bcbb8f6066) Importer(815301076,1909f56bfc062723c751e8b465ee728b)  -> (artifact id: '18084e5d6dd6f32ef000545655037a37') in 0.044324 seconds 
========================================================================
Received Import Request.
  Time since last request: 0.000973 seconds.
  path: Assets/Supercyan Character Pack Free Sample/Prefabs/Simple Movement/High Quality/MaleFreeSimpleMovement1.prefab
  artifactKey: Guid(0e74cf81e6fd82546b4797f71ceffb81) Importer(815301076,1909f56bfc062723c751e8b465ee728b)
Start importing Assets/Supercyan Character Pack Free Sample/Prefabs/Simple Movement/High Quality/MaleFreeSimpleMovement1.prefab using Guid(0e74cf81e6fd82546b4797f71ceffb81) Importer(815301076,1909f56bfc062723c751e8b465ee728b)  -> (artifact id: '87af4de8c96c020d5773005adb9ade9d') in 1.079990 seconds 
========================================================================
Received Import Request.
  Time since last request: 0.001076 seconds.
  path: Assets/ObstacleCoursePack/Prefabs/Pendulum.prefab
  artifactKey: Guid(de4e8ae22411dba4f971edf49f8738f2) Importer(815301076,1909f56bfc062723c751e8b465ee728b)
Start importing Assets/ObstacleCoursePack/Prefabs/Pendulum.prefab using Guid(de4e8ae22411dba4f971edf49f8738f2) Importer(815301076,1909f56bfc062723c751e8b465ee728b)  -> (artifact id: 'c592f60e03863110ffdb7086ba2bff3c') in 0.195664 seconds 
========================================================================
Received Import Request.
  Time since last request: 0.000370 seconds.
  path: Assets/Supercyan Character Pack Free Sample/Prefabs/Simple Movement/High Quality
  artifactKey: Guid(8f3b4fbaf9718474b998eed54ce9f88f) Importer(815301076,1909f56bfc062723c751e8b465ee728b)
Start importing Assets/Supercyan Character Pack Free Sample/Prefabs/Simple Movement/High Quality using Guid(8f3b4fbaf9718474b998eed54ce9f88f) Importer(815301076,1909f56bfc062723c751e8b465ee728b)  -> (artifact id: '16a627f27496bd553a37f91aa3034741') in 0.030719 seconds 
========================================================================
Received Import Request.
  Time since last request: 0.000154 seconds.
  path: Assets/ObstacleCoursePack/Prefabs/MovableWall.prefab
  artifactKey: Guid(474c64e7b6302304bb04e77a9e8809dc) Importer(815301076,1909f56bfc062723c751e8b465ee728b)
Start importing Assets/ObstacleCoursePack/Prefabs/MovableWall.prefab using Guid(474c64e7b6302304bb04e77a9e8809dc) Importer(815301076,1909f56bfc062723c751e8b465ee728b)  -> (artifact id: '5890297da846d0293c4d604073724828') in 0.071635 seconds 
========================================================================
Received Import Request.
  Time since last request: 0.000107 seconds.
  path: Assets/ObstacleCoursePack/Materials/Blue.mat
  artifactKey: Guid(7c66626491aab02488fa5737512db8ec) Importer(815301076,1909f56bfc062723c751e8b465ee728b)
Start importing Assets/ObstacleCoursePack/Materials/Blue.mat using Guid(7c66626491aab02488fa5737512db8ec) Importer(815301076,1909f56bfc062723c751e8b465ee728b)  -> (artifact id: 'f48f8bc76868a01aff6625feb39b776a') in 0.081448 seconds 
========================================================================
Received Import Request.
  Time since last request: 0.000097 seconds.
  path: Assets/ObstacleCoursePack/Materials/Red.mat
  artifactKey: Guid(9680173c898d4d2419181ffc87f5193a) Importer(815301076,1909f56bfc062723c751e8b465ee728b)
Start importing Assets/ObstacleCoursePack/Materials/Red.mat using Guid(9680173c898d4d2419181ffc87f5193a) Importer(815301076,1909f56bfc062723c751e8b465ee728b)  -> (artifact id: '25c8d510670b56c9cb813539e835e4b2') in 0.074873 seconds 
========================================================================
Received Import Request.
  Time since last request: 0.000108 seconds.
  path: Assets/ObstacleCoursePack/Prefabs/Bounce.prefab
  artifactKey: Guid(07ec32bcd6a21e34d9d0be169af45608) Importer(815301076,1909f56bfc062723c751e8b465ee728b)
Start importing Assets/ObstacleCoursePack/Prefabs/Bounce.prefab using Guid(07ec32bcd6a21e34d9d0be169af45608) Importer(815301076,1909f56bfc062723c751e8b465ee728b)  -> (artifact id: 'cd4f337306896cebdbd769267f4f173b') in 0.181929 seconds 
========================================================================
Received Import Request.
  Time since last request: 0.000088 seconds.
  path: Assets/Supercyan Character Pack Free Sample/Prefabs
  artifactKey: Guid(95a779c7172f3a44c95f30305823626f) Importer(815301076,1909f56bfc062723c751e8b465ee728b)
Start importing Assets/Supercyan Character Pack Free Sample/Prefabs using Guid(95a779c7172f3a44c95f30305823626f) Importer(815301076,1909f56bfc062723c751e8b465ee728b)  -> (artifact id: '5683787d20a7fb109bef660e442aec58') in 0.017798 seconds 
========================================================================
Received Import Request.
  Time since last request: 0.000107 seconds.
  path: Assets/ObstacleCoursePack/Materials/White.mat
  artifactKey: Guid(8bb3607333838384fa8702d3b19a5b03) Importer(815301076,1909f56bfc062723c751e8b465ee728b)
Start importing Assets/ObstacleCoursePack/Materials/White.mat using Guid(8bb3607333838384fa8702d3b19a5b03) Importer(815301076,1909f56bfc062723c751e8b465ee728b)  -> (artifact id: 'fcb7393606abefa6da653a0d8b91e42a') in 0.068166 seconds 
========================================================================
Received Import Request.
  Time since last request: 0.007217 seconds.
  path: Assets/ObstacleCoursePack/Prefabs/Sphere.prefab
  artifactKey: Guid(a3db52d569ccd3c468777dd8e04f65ce) Importer(815301076,1909f56bfc062723c751e8b465ee728b)
Start importing Assets/ObstacleCoursePack/Prefabs/Sphere.prefab using Guid(a3db52d569ccd3c468777dd8e04f65ce) Importer(815301076,1909f56bfc062723c751e8b465ee728b)  -> (artifact id: 'f3d7657faae045eb66190f15ee8c9f5b') in 0.136087 seconds 
========================================================================
Received Import Request.
  Time since last request: 0.000192 seconds.
  path: Assets/ObstacleCoursePack/Prefabs/MovableObs.prefab
  artifactKey: Guid(1d998f3b2007ad14c900d3cecab26ab4) Importer(815301076,1909f56bfc062723c751e8b465ee728b)
Start importing Assets/ObstacleCoursePack/Prefabs/MovableObs.prefab using Guid(1d998f3b2007ad14c900d3cecab26ab4) Importer(815301076,1909f56bfc062723c751e8b465ee728b)  -> (artifact id: 'd93ac91e5fbc54bc1af3caf51923b591') in 0.070789 seconds 
========================================================================
Received Import Request.
  Time since last request: 0.000166 seconds.
  path: Assets/ObstacleCoursePack/Materials/Gray.mat
  artifactKey: Guid(f3fa1f2e5e0f1d9499cf5b43ac60cc43) Importer(815301076,1909f56bfc062723c751e8b465ee728b)
Start importing Assets/ObstacleCoursePack/Materials/Gray.mat using Guid(f3fa1f2e5e0f1d9499cf5b43ac60cc43) Importer(815301076,1909f56bfc062723c751e8b465ee728b)  -> (artifact id: '27ebe8b63866a99fc64298bc2c8c62a2') in 0.087253 seconds 
========================================================================
Received Import Request.
  Time since last request: 0.000207 seconds.
  path: Assets/ObstacleCoursePack/PhysicMaterials/Bounce.physicMaterial
  artifactKey: Guid(50bdf91b9b06d8c459c14600af9d7a8e) Importer(815301076,1909f56bfc062723c751e8b465ee728b)
Start importing Assets/ObstacleCoursePack/PhysicMaterials/Bounce.physicMaterial using Guid(50bdf91b9b06d8c459c14600af9d7a8e) Importer(815301076,1909f56bfc062723c751e8b465ee728b)  -> (artifact id: 'a9ea6d9d2eeb884906d27ee8c29a7108') in 0.027854 seconds 
========================================================================
Received Import Request.
  Time since last request: 0.000111 seconds.
  path: Assets/ObstacleCoursePack/Prefabs/Rotator.prefab
  artifactKey: Guid(3925e022072f0474a8dab88c2fdaf0ce) Importer(815301076,1909f56bfc062723c751e8b465ee728b)
Start importing Assets/ObstacleCoursePack/Prefabs/Rotator.prefab using Guid(3925e022072f0474a8dab88c2fdaf0ce) Importer(815301076,1909f56bfc062723c751e8b465ee728b)  -> (artifact id: '2d79d7c5136d79ba4c6f7e60aec2aba9') in 0.147237 seconds 
========================================================================
Received Import Request.
  Time since last request: 0.000923 seconds.
  path: Assets/ObstacleCoursePack/Materials/Green.mat
  artifactKey: Guid(890d1b9f969d9cc438768c577d6efcd0) Importer(815301076,1909f56bfc062723c751e8b465ee728b)
Start importing Assets/ObstacleCoursePack/Materials/Green.mat using Guid(890d1b9f969d9cc438768c577d6efcd0) Importer(815301076,1909f56bfc062723c751e8b465ee728b)  -> (artifact id: 'aa1c39b8183da47e23b4a5b5793c0a6a') in 0.118161 seconds 
========================================================================
Received Import Request.
  Time since last request: 0.000103 seconds.
  path: Assets/ObstacleCoursePack/Controller/Player.prefab
  artifactKey: Guid(943c29498ab959842b6d7bee1f42370e) Importer(815301076,1909f56bfc062723c751e8b465ee728b)
Start importing Assets/ObstacleCoursePack/Controller/Player.prefab using Guid(943c29498ab959842b6d7bee1f42370e) Importer(815301076,1909f56bfc062723c751e8b465ee728b)  -> (artifact id: '0e57502733d5a689905db4d57a946504') in 0.085586 seconds 
========================================================================
Received Import Request.
  Time since last request: 0.000094 seconds.
  path: Assets/ObstacleCoursePack/Prefabs/RotationX.prefab
  artifactKey: Guid(7bb56e75164d29c4189de79dd5887e8e) Importer(815301076,1909f56bfc062723c751e8b465ee728b)
Start importing Assets/ObstacleCoursePack/Prefabs/RotationX.prefab using Guid(7bb56e75164d29c4189de79dd5887e8e) Importer(815301076,1909f56bfc062723c751e8b465ee728b)  -> (artifact id: 'e610f638fd183954e44f1bbd50489a2e') in 0.075665 seconds 
========================================================================
Received Import Request.
  Time since last request: 0.000161 seconds.
  path: Assets/ObstacleCoursePack/Prefabs/CheckPoint.prefab
  artifactKey: Guid(04400a104b4c4574ab6d4419858e994b) Importer(815301076,1909f56bfc062723c751e8b465ee728b)
Start importing Assets/ObstacleCoursePack/Prefabs/CheckPoint.prefab using Guid(04400a104b4c4574ab6d4419858e994b) Importer(815301076,1909f56bfc062723c751e8b465ee728b)  -> (artifact id: '15c01b0bcda7de4cdea0f7baab8d591c') in 0.082947 seconds 
========================================================================
Received Import Request.
  Time since last request: 0.000140 seconds.
  path: Assets/Supercyan Character Pack Free Sample/Prefabs/Simple Movement
  artifactKey: Guid(a6b443b6b679b384a88c720a5f4fa1c0) Importer(815301076,1909f56bfc062723c751e8b465ee728b)
Start importing Assets/Supercyan Character Pack Free Sample/Prefabs/Simple Movement using Guid(a6b443b6b679b384a88c720a5f4fa1c0) Importer(815301076,1909f56bfc062723c751e8b465ee728b)  -> (artifact id: '1706a18f6cda004f7872ffbe2ba941c3') in 0.029964 seconds 
========================================================================
Received Import Request.
  Time since last request: 0.000459 seconds.
  path: Assets/ObstacleCoursePack/Prefabs/FallPlat.prefab
  artifactKey: Guid(bd117f6e0af0c2942926e61c209b253f) Importer(815301076,1909f56bfc062723c751e8b465ee728b)
Start importing Assets/ObstacleCoursePack/Prefabs/FallPlat.prefab using Guid(bd117f6e0af0c2942926e61c209b253f) Importer(815301076,1909f56bfc062723c751e8b465ee728b)  -> (artifact id: 'ff5d0608f8a1f394163e7c4034122bc9') in 0.067769 seconds 
========================================================================
Received Import Request.
  Time since last request: 5.690176 seconds.
  path: Assets/ObstacleCoursePack/PhysicMaterials
  artifactKey: Guid(5f54be62d310a0f47880a861e1c97c0b) Importer(815301076,1909f56bfc062723c751e8b465ee728b)
Start importing Assets/ObstacleCoursePack/PhysicMaterials using Guid(5f54be62d310a0f47880a861e1c97c0b) Importer(815301076,1909f56bfc062723c751e8b465ee728b)  -> (artifact id: '710818042d9c118850a19d4b334fee21') in 0.086301 seconds 
========================================================================
Received Import Request.
  Time since last request: 38.015380 seconds.
  path: Assets/ObstacleCoursePack/Controller/Camera Holder.prefab
  artifactKey: Guid(74fe7eed3ad8ec84bb8770355f363fda) Importer(2089858483,c8450a0e703c624ce5c6e9fb45182d35)
Start importing Assets/ObstacleCoursePack/Controller/Camera Holder.prefab using Guid(74fe7eed3ad8ec84bb8770355f363fda) Importer(2089858483,c8450a0e703c624ce5c6e9fb45182d35)  -> (artifact id: 'e8a882c790a448df68e064e69f30219f') in 1.329402 seconds 
========================================================================
Received Import Request.
  Time since last request: 0.000143 seconds.
  path: Assets/Supercyan Character Pack Free Sample/Prefabs/Base/Mobile/MobileMaleFree1.prefab
  artifactKey: Guid(1e8e1924bb442334c9125455634bb567) Importer(2089858483,c8450a0e703c624ce5c6e9fb45182d35)
Start importing Assets/Supercyan Character Pack Free Sample/Prefabs/Base/Mobile/MobileMaleFree1.prefab using Guid(1e8e1924bb442334c9125455634bb567) Importer(2089858483,c8450a0e703c624ce5c6e9fb45182d35)  -> (artifact id: '4b783d26c984d4a4f9524b894228d22b') in 0.995574 seconds 
========================================================================
Received Import Request.
  Time since last request: 0.001158 seconds.
  path: Assets/ObstacleCoursePack/Controller/Player.prefab
  artifactKey: Guid(943c29498ab959842b6d7bee1f42370e) Importer(2089858483,c8450a0e703c624ce5c6e9fb45182d35)
Start importing Assets/ObstacleCoursePack/Controller/Player.prefab using Guid(943c29498ab959842b6d7bee1f42370e) Importer(2089858483,c8450a0e703c624ce5c6e9fb45182d35)  -> (artifact id: 'b3a20d3a4fbc1c2373f1ee811d26292a') in 0.443133 seconds 
========================================================================
Received Import Request.
  Time since last request: 0.004825 seconds.
  path: Assets/ObstacleCoursePack/Prefabs/RBCubes.prefab
  artifactKey: Guid(a48714e39c2ecc644b62544a3a53c53a) Importer(2089858483,c8450a0e703c624ce5c6e9fb45182d35)
Start importing Assets/ObstacleCoursePack/Prefabs/RBCubes.prefab using Guid(a48714e39c2ecc644b62544a3a53c53a) Importer(2089858483,c8450a0e703c624ce5c6e9fb45182d35)  -> (artifact id: 'b140aac453b72cb6c7069ee9930d7e50') in 0.559930 seconds 
========================================================================
Received Import Request.
  Time since last request: 0.002026 seconds.
  path: Assets/ObstacleCoursePack/Prefabs/FallPlat.prefab
  artifactKey: Guid(bd117f6e0af0c2942926e61c209b253f) Importer(2089858483,c8450a0e703c624ce5c6e9fb45182d35)
Start importing Assets/ObstacleCoursePack/Prefabs/FallPlat.prefab using Guid(bd117f6e0af0c2942926e61c209b253f) Importer(2089858483,c8450a0e703c624ce5c6e9fb45182d35)  -> (artifact id: 'a696a57d91d5a526613b6f8b5c1e4b93') in 0.291768 seconds 
========================================================================
Received Import Request.
  Time since last request: 0.001729 seconds.
  path: Assets/ObstacleCoursePack/Prefabs/Sphere.prefab
  artifactKey: Guid(a3db52d569ccd3c468777dd8e04f65ce) Importer(2089858483,c8450a0e703c624ce5c6e9fb45182d35)
Start importing Assets/ObstacleCoursePack/Prefabs/Sphere.prefab using Guid(a3db52d569ccd3c468777dd8e04f65ce) Importer(2089858483,c8450a0e703c624ce5c6e9fb45182d35)  -> (artifact id: '6c2e33109a301b53332b8a8357c6cfac') in 0.359478 seconds 
========================================================================
Received Import Request.
  Time since last request: 0.001215 seconds.
  path: Assets/ObstacleCoursePack/Prefabs/RotationX.prefab
  artifactKey: Guid(7bb56e75164d29c4189de79dd5887e8e) Importer(2089858483,c8450a0e703c624ce5c6e9fb45182d35)
Start importing Assets/ObstacleCoursePack/Prefabs/RotationX.prefab using Guid(7bb56e75164d29c4189de79dd5887e8e) Importer(2089858483,c8450a0e703c624ce5c6e9fb45182d35)  -> (artifact id: 'd845e41965058abd45f4a5adca9d0d26') in 0.459528 seconds 
========================================================================
Received Import Request.
  Time since last request: 0.001463 seconds.
  path: Assets/ObstacleCoursePack/Prefabs/RotationPlat.prefab
  artifactKey: Guid(a70841853b0e99545a7dc761ea9def4d) Importer(2089858483,c8450a0e703c624ce5c6e9fb45182d35)
Start importing Assets/ObstacleCoursePack/Prefabs/RotationPlat.prefab using Guid(a70841853b0e99545a7dc761ea9def4d) Importer(2089858483,c8450a0e703c624ce5c6e9fb45182d35)  -> (artifact id: '80d4c69593346bbab086cea783018ec4') in 0.344062 seconds 
========================================================================
Received Import Request.
  Time since last request: 0.002873 seconds.
  path: Assets/ObstacleCoursePack/Prefabs/MovableObs.prefab
  artifactKey: Guid(1d998f3b2007ad14c900d3cecab26ab4) Importer(2089858483,c8450a0e703c624ce5c6e9fb45182d35)
Start importing Assets/ObstacleCoursePack/Prefabs/MovableObs.prefab using Guid(1d998f3b2007ad14c900d3cecab26ab4) Importer(2089858483,c8450a0e703c624ce5c6e9fb45182d35)  -> (artifact id: '695543d86217bc5c8c6dd0e13716f9dc') in 0.382219 seconds 
========================================================================
Received Import Request.
  Time since last request: 0.005213 seconds.
  path: Assets/ObstacleCoursePack/Prefabs/MovableWall.prefab
  artifactKey: Guid(474c64e7b6302304bb04e77a9e8809dc) Importer(2089858483,c8450a0e703c624ce5c6e9fb45182d35)
Start importing Assets/ObstacleCoursePack/Prefabs/MovableWall.prefab using Guid(474c64e7b6302304bb04e77a9e8809dc) Importer(2089858483,c8450a0e703c624ce5c6e9fb45182d35)  -> (artifact id: 'de74256245115569bdf63d2fbebb2401') in 0.277347 seconds 
========================================================================
Received Import Request.
  Time since last request: 0.001257 seconds.
  path: Assets/ObstacleCoursePack/Prefabs/Bounce.prefab
  artifactKey: Guid(07ec32bcd6a21e34d9d0be169af45608) Importer(2089858483,c8450a0e703c624ce5c6e9fb45182d35)
Start importing Assets/ObstacleCoursePack/Prefabs/Bounce.prefab using Guid(07ec32bcd6a21e34d9d0be169af45608) Importer(2089858483,c8450a0e703c624ce5c6e9fb45182d35)  -> (artifact id: '707a32e88061e1d0b02361186d846961') in 0.404231 seconds 
========================================================================
Received Import Request.
  Time since last request: 0.006544 seconds.
  path: Assets/ObstacleCoursePack/Prefabs/WallMovable.prefab
  artifactKey: Guid(1f9416082698e614ebb7003c2d80098b) Importer(2089858483,c8450a0e703c624ce5c6e9fb45182d35)
Start importing Assets/ObstacleCoursePack/Prefabs/WallMovable.prefab using Guid(1f9416082698e614ebb7003c2d80098b) Importer(2089858483,c8450a0e703c624ce5c6e9fb45182d35)  -> (artifact id: '362622a98867d9f5285695a3677af362') in 0.318512 seconds 
========================================================================
Received Import Request.
  Time since last request: 0.001221 seconds.
  path: Assets/Supercyan Character Pack Free Sample/Prefabs/Base/High Quality/MaleFree1.prefab
  artifactKey: Guid(313ad0ef31f75b84f9f31c0528802fdd) Importer(2089858483,c8450a0e703c624ce5c6e9fb45182d35)
Start importing Assets/Supercyan Character Pack Free Sample/Prefabs/Base/High Quality/MaleFree1.prefab using Guid(313ad0ef31f75b84f9f31c0528802fdd) Importer(2089858483,c8450a0e703c624ce5c6e9fb45182d35)  -> (artifact id: '94cc19412feedaa9851a14754f4a9d6d') in 1.010715 seconds 
========================================================================
Received Import Request.
  Time since last request: 0.001235 seconds.
  path: Assets/ObstacleCoursePack/Prefabs/Rotator.prefab
  artifactKey: Guid(3925e022072f0474a8dab88c2fdaf0ce) Importer(2089858483,c8450a0e703c624ce5c6e9fb45182d35)
Start importing Assets/ObstacleCoursePack/Prefabs/Rotator.prefab using Guid(3925e022072f0474a8dab88c2fdaf0ce) Importer(2089858483,c8450a0e703c624ce5c6e9fb45182d35)  -> (artifact id: 'c27cd421716bbdc9d9420c7e7516cae3') in 0.322957 seconds 
========================================================================
Received Import Request.
  Time since last request: 0.005025 seconds.
  path: Assets/ObstacleCoursePack/Prefabs/Pendulum.prefab
  artifactKey: Guid(de4e8ae22411dba4f971edf49f8738f2) Importer(2089858483,c8450a0e703c624ce5c6e9fb45182d35)
Start importing Assets/ObstacleCoursePack/Prefabs/Pendulum.prefab using Guid(de4e8ae22411dba4f971edf49f8738f2) Importer(2089858483,c8450a0e703c624ce5c6e9fb45182d35)  -> (artifact id: 'df4c5386d1091cbdeb9bc95339982c9d') in 0.315478 seconds 
========================================================================
Received Import Request.
  Time since last request: 0.001577 seconds.
  path: Assets/Supercyan Character Pack Free Sample/Prefabs/Simple Movement/Mobile/MobileMaleFreeSimpleMovement1.prefab
  artifactKey: Guid(16e7451e81164bc4caac73768f16ceb6) Importer(2089858483,c8450a0e703c624ce5c6e9fb45182d35)
Start importing Assets/Supercyan Character Pack Free Sample/Prefabs/Simple Movement/Mobile/MobileMaleFreeSimpleMovement1.prefab using Guid(16e7451e81164bc4caac73768f16ceb6) Importer(2089858483,c8450a0e703c624ce5c6e9fb45182d35)  -> (artifact id: '0c75d8a57d6db9dacc2131fb43b5de2e') in 1.656280 seconds 
========================================================================
Received Import Request.
  Time since last request: 0.004123 seconds.
  path: Assets/ObstacleCoursePack/Prefabs/CheckPoint.prefab
  artifactKey: Guid(04400a104b4c4574ab6d4419858e994b) Importer(2089858483,c8450a0e703c624ce5c6e9fb45182d35)
Start importing Assets/ObstacleCoursePack/Prefabs/CheckPoint.prefab using Guid(04400a104b4c4574ab6d4419858e994b) Importer(2089858483,c8450a0e703c624ce5c6e9fb45182d35)  -> (artifact id: 'f95b96d4306fd2869b9b9a5510fff9de') in 0.345226 seconds 
========================================================================
Received Import Request.
  Time since last request: 0.003750 seconds.
  path: Assets/Supercyan Character Pack Free Sample/Prefabs/Simple Movement/High Quality/MaleFreeSimpleMovement1.prefab
  artifactKey: Guid(0e74cf81e6fd82546b4797f71ceffb81) Importer(2089858483,c8450a0e703c624ce5c6e9fb45182d35)
Start importing Assets/Supercyan Character Pack Free Sample/Prefabs/Simple Movement/High Quality/MaleFreeSimpleMovement1.prefab using Guid(0e74cf81e6fd82546b4797f71ceffb81) Importer(2089858483,c8450a0e703c624ce5c6e9fb45182d35)  -> (artifact id: '9ed68485066869ef09ffb751b121c8d1') in 2.194604 seconds 
========================================================================
Received Import Request.
  Time since last request: 732.175422 seconds.
  path: Assets
  artifactKey: Guid(00000000000000001000000000000000) Importer(815301076,1909f56bfc062723c751e8b465ee728b)
Start importing Assets using Guid(00000000000000001000000000000000) Importer(815301076,1909f56bfc062723c751e8b465ee728b)  -> (artifact id: '79842766b460edbeab6a34051e857a80') in 0.070484 seconds 
========================================================================
Received Import Request.
  Time since last request: 7.716386 seconds.
  path: Assets/Script
  artifactKey: Guid(c96e335b5366dcf4e9e652adfeaba934) Importer(815301076,1909f56bfc062723c751e8b465ee728b)
Start importing Assets/Script using Guid(c96e335b5366dcf4e9e652adfeaba934) Importer(815301076,1909f56bfc062723c751e8b465ee728b)  -> (artifact id: 'fe50f922e625ee4e8bed0365c173941d') in 0.061873 seconds 
========================================================================
Received Import Request.
  Time since last request: 16.096338 seconds.
  path: Assets/Script/CameraController.cs
  artifactKey: Guid(9a4551b7073b11f48970b9e238695744) Importer(815301076,1909f56bfc062723c751e8b465ee728b)
Start importing Assets/Script/CameraController.cs using Guid(9a4551b7073b11f48970b9e238695744) Importer(815301076,1909f56bfc062723c751e8b465ee728b)  -> (artifact id: 'd94127a7bc8041174697c54a30bec0cd') in 0.705573 seconds 
========================================================================
Received Import Request.
  Time since last request: 108.820770 seconds.
  path: Assets/Script/CameraController.cs
  artifactKey: Guid(9a4551b7073b11f48970b9e238695744) Importer(815301076,1909f56bfc062723c751e8b465ee728b)
Start importing Assets/Script/CameraController.cs using Guid(9a4551b7073b11f48970b9e238695744) Importer(815301076,1909f56bfc062723c751e8b465ee728b)  -> (artifact id: '25c9d30ee40252833df388178bc7f703') in 0.021078 seconds 
========================================================================
Received Import Request.
  Time since last request: 578.030196 seconds.
  path: Assets/ObstacleCoursePack/Controller
  artifactKey: Guid(40420f3066d64694ca3869bec10f72fd) Importer(815301076,1909f56bfc062723c751e8b465ee728b)
Start importing Assets/ObstacleCoursePack/Controller using Guid(40420f3066d64694ca3869bec10f72fd) Importer(815301076,1909f56bfc062723c751e8b465ee728b)  -> (artifact id: '6767ff9321951012087b6f96ff0423b3') in 0.114016 seconds 
========================================================================
Received Import Request.
  Time since last request: 1031.172192 seconds.
  path: Assets/NatureStarterKit/Models/Tree.prefab
  artifactKey: Guid(0018a0d5fcd38d34d81764846a43c4bd) Importer(2089858483,c8450a0e703c624ce5c6e9fb45182d35)
Start importing Assets/NatureStarterKit/Models/Tree.prefab using Guid(0018a0d5fcd38d34d81764846a43c4bd) Importer(2089858483,c8450a0e703c624ce5c6e9fb45182d35)  -> (artifact id: 'cefe00d44c4060d03f55d8f39295eb43') in 4.701797 seconds 
========================================================================
Received Prepare
Refreshing native plugins compatible for Editor in 101.10 ms, found 3 plugins.
Preloading 0 native plugins for Editor in 0.00 ms.
Unloading 117 Unused Serialized files (Serialized files now loaded: 0)
Unloading 79 unused Assets / (4.6 MB). Loaded Objects now: 3768.
Memory consumption went from 79.7 MB to 75.1 MB.
Total: 152.396400 ms (FindLiveObjects: 1.539700 ms CreateObjectMapping: 1.272300 ms MarkObjects: 142.617800 ms  DeleteObjects: 6.959600 ms)

AssetImportParameters requested are different than current active one (requested -> active):
  custom:video-decoder-ogg-theora: a1e56fd34408186e4bbccfd4996cb3dc -> 
  custom:container-muxer-webm: aa71ff27fc2769a1b78a27578f13a17b -> 
  custom:container-demuxer-webm: 4f35f7cbe854078d1ac9338744f61a02 -> 
  custom:video-encoder-webm-vp8: eb34c28f22e8b96e1ab97ce403110664 -> 
  custom:video-codec-MediaFoundation-h265: 746d11721c4dcdbdad8f713fa42b33f4 -> 
  custom:audio-encoder-webm-vorbis: bf7c407c2cedff20999df2af8eb42d56 -> 
  custom:framework-win-MediaFoundation: 216162199b28c13a410421893ffa2e32 -> 
  custom:SearchIndexIgnoredProperties: e643bd26f0fe6173181afceb89e7c659 -> 
  custom:container-demuxer-ogg: 62fdf1f143b41e24485cea50d1cbac27 -> 
  custom:video-decoder-webm-vp8: 9c59270c3fd7afecdb556c50c9e8de78 -> 
  custom:audio-decoder-ogg-vorbis: bf7c407c2cedff20999df2af8eb42d56 -> 
========================================================================
Received Import Request.
  Time since last request: 222.642912 seconds.
  path: Assets/_TerrainAutoUpgrade
  artifactKey: Guid(6351f24b2eb372440838cbd5e30ac752) Importer(815301076,1909f56bfc062723c751e8b465ee728b)
Start importing Assets/_TerrainAutoUpgrade using Guid(6351f24b2eb372440838cbd5e30ac752) Importer(815301076,1909f56bfc062723c751e8b465ee728b)  -> (artifact id: '0ac7295cabbe5853546735fdd86050a1') in 0.077300 seconds 
========================================================================
Received Import Request.
  Time since last request: 0.590823 seconds.
  path: Assets/MentalDreamsAssets
  artifactKey: Guid(d6891544ed9344c45b752253cbd84f5f) Importer(815301076,1909f56bfc062723c751e8b465ee728b)
Start importing Assets/MentalDreamsAssets using Guid(d6891544ed9344c45b752253cbd84f5f) Importer(815301076,1909f56bfc062723c751e8b465ee728b)  -> (artifact id: '227616abf405fd8b8653fea7f07a25ec') in 0.077646 seconds 
========================================================================
Received Import Request.
  Time since last request: 0.769286 seconds.
  path: Assets/MentalDreamsAssets/PropsPack
  artifactKey: Guid(fff8b2bdbc3c4194f9ff593ec7ec913b) Importer(815301076,1909f56bfc062723c751e8b465ee728b)
Start importing Assets/MentalDreamsAssets/PropsPack using Guid(fff8b2bdbc3c4194f9ff593ec7ec913b) Importer(815301076,1909f56bfc062723c751e8b465ee728b)  -> (artifact id: '41d09f893eaff826fe928f02252ffc02') in 0.071494 seconds 
========================================================================
Received Import Request.
  Time since last request: 1.014396 seconds.
  path: Assets/MentalDreamsAssets/PropsPack/Mesh
  artifactKey: Guid(b9569265ab48ebe4c8537be7978d875c) Importer(815301076,1909f56bfc062723c751e8b465ee728b)
Start importing Assets/MentalDreamsAssets/PropsPack/Mesh using Guid(b9569265ab48ebe4c8537be7978d875c) Importer(815301076,1909f56bfc062723c751e8b465ee728b)  -> (artifact id: '0669da21978d54c62ec64d37b4ed5ad7') in 0.066311 seconds 
========================================================================
Received Import Request.
  Time since last request: 0.525442 seconds.
  path: Assets/MentalDreamsAssets/PropsPack/Scene
  artifactKey: Guid(5f34cc8ae863ad14593792968687d365) Importer(815301076,1909f56bfc062723c751e8b465ee728b)
Start importing Assets/MentalDreamsAssets/PropsPack/Scene using Guid(5f34cc8ae863ad14593792968687d365) Importer(815301076,1909f56bfc062723c751e8b465ee728b)  -> (artifact id: '5f3d212bf6f824079aae6dd3d81d8e65') in 0.068019 seconds 
========================================================================
Received Import Request.
  Time since last request: 0.485180 seconds.
  path: Assets/MentalDreamsAssets/PropsPack/Mesh/giris_ground.jpg
  artifactKey: Guid(871a964dd9f698d498477d7112377c18) Importer(815301076,1909f56bfc062723c751e8b465ee728b)
Start importing Assets/MentalDreamsAssets/PropsPack/Mesh/giris_ground.jpg using Guid(871a964dd9f698d498477d7112377c18) Importer(815301076,1909f56bfc062723c751e8b465ee728b)  -> (artifact id: '64b2fc02c47616169501dafc31bdc571') in 0.414212 seconds 
========================================================================
Received Import Request.
  Time since last request: 0.000123 seconds.
  path: Assets/MentalDreamsAssets/PropsPack/Mesh/ground.mat
  artifactKey: Guid(7be2c11f479b368478ad41e84566850c) Importer(815301076,1909f56bfc062723c751e8b465ee728b)
Start importing Assets/MentalDreamsAssets/PropsPack/Mesh/ground.mat using Guid(7be2c11f479b368478ad41e84566850c) Importer(815301076,1909f56bfc062723c751e8b465ee728b)  -> (artifact id: '843fa071eb16897bea2e7f05af235beb') in 0.681681 seconds 
========================================================================
Received Import Request.
  Time since last request: 0.000907 seconds.
  path: Assets/MentalDreamsAssets/PropsPack/Mesh/giris_wall.jpg
  artifactKey: Guid(adceb2f9e212bc843b51251a5587a6bc) Importer(815301076,1909f56bfc062723c751e8b465ee728b)
Start importing Assets/MentalDreamsAssets/PropsPack/Mesh/giris_wall.jpg using Guid(adceb2f9e212bc843b51251a5587a6bc) Importer(815301076,1909f56bfc062723c751e8b465ee728b)  -> (artifact id: '715a4fe3cdd754b103056323e2096b7c') in 0.125446 seconds 
========================================================================
Received Import Request.
  Time since last request: 0.000116 seconds.
  path: Assets/MentalDreamsAssets/PropsPack/Mesh/wall.mat
  artifactKey: Guid(3c130d639738c7e4ea587dc501721d70) Importer(815301076,1909f56bfc062723c751e8b465ee728b)
Start importing Assets/MentalDreamsAssets/PropsPack/Mesh/wall.mat using Guid(3c130d639738c7e4ea587dc501721d70) Importer(815301076,1909f56bfc062723c751e8b465ee728b)  -> (artifact id: '6a2bb51cf586367a29d508bcd2651c20') in 0.779367 seconds 
========================================================================
Received Import Request.
  Time since last request: 4.363542 seconds.
  path: Assets/MentalDreamsAssets/PropsPack/Mesh/shelf
  artifactKey: Guid(ff7af59df898dbe4bb714ad219a5c597) Importer(815301076,1909f56bfc062723c751e8b465ee728b)
Start importing Assets/MentalDreamsAssets/PropsPack/Mesh/shelf using Guid(ff7af59df898dbe4bb714ad219a5c597) Importer(815301076,1909f56bfc062723c751e8b465ee728b)  -> (artifact id: '85605e070406d6c556f42615ac6f3cff') in 0.075113 seconds 
========================================================================
Received Import Request.
  Time since last request: 0.000131 seconds.
  path: Assets/MentalDreamsAssets/PropsPack/Mesh/shelf/shelf.fbx
  artifactKey: Guid(ab1be62d0fa9f5f42bdafc3babed321c) Importer(815301076,1909f56bfc062723c751e8b465ee728b)
Start importing Assets/MentalDreamsAssets/PropsPack/Mesh/shelf/shelf.fbx using Guid(ab1be62d0fa9f5f42bdafc3babed321c) Importer(815301076,1909f56bfc062723c751e8b465ee728b)  -> (artifact id: '73a272dfa8646792a61d087793b266a3') in 1.244093 seconds 
========================================================================
Received Import Request.
  Time since last request: 0.000111 seconds.
  path: Assets/MentalDreamsAssets/PropsPack/Mesh/shelf/shelf_norm.png
  artifactKey: Guid(657504ab1dd422044a1c078937a03955) Importer(815301076,1909f56bfc062723c751e8b465ee728b)
Start importing Assets/MentalDreamsAssets/PropsPack/Mesh/shelf/shelf_norm.png using Guid(657504ab1dd422044a1c078937a03955) Importer(815301076,1909f56bfc062723c751e8b465ee728b)  -> (artifact id: '153e70d51e0d1822cc7dd4a90417d2b5') in 0.144549 seconds 
========================================================================
Received Import Request.
  Time since last request: 0.000507 seconds.
  path: Assets/MentalDreamsAssets/PropsPack/Mesh/shelf/shelf.png
  artifactKey: Guid(9809a3b6b7e936c44a34df5ebfca1f13) Importer(815301076,1909f56bfc062723c751e8b465ee728b)
Start importing Assets/MentalDreamsAssets/PropsPack/Mesh/shelf/shelf.png using Guid(9809a3b6b7e936c44a34df5ebfca1f13) Importer(815301076,1909f56bfc062723c751e8b465ee728b)  -> (artifact id: 'a2c779dc5bb5bcf6e60b59852c5ff591') in 0.103355 seconds 
========================================================================
Received Import Request.
  Time since last request: 52.864508 seconds.
  path: Assets/MentalDreamsAssets/PropsPack/Mesh/Bucket
  artifactKey: Guid(1605ece35df33fc4ba3177319d16d4a0) Importer(815301076,1909f56bfc062723c751e8b465ee728b)
Start importing Assets/MentalDreamsAssets/PropsPack/Mesh/Bucket using Guid(1605ece35df33fc4ba3177319d16d4a0) Importer(815301076,1909f56bfc062723c751e8b465ee728b)  -> (artifact id: 'd5d5977d74aea52984b194782ea25c5d') in 0.092461 seconds 
========================================================================
Received Import Request.
  Time since last request: 0.002075 seconds.
  path: Assets/MentalDreamsAssets/PropsPack/Mesh/Bucket/bucket.jpg
  artifactKey: Guid(f6a85ecba7e202e458ded8602c3da292) Importer(815301076,1909f56bfc062723c751e8b465ee728b)
Start importing Assets/MentalDreamsAssets/PropsPack/Mesh/Bucket/bucket.jpg using Guid(f6a85ecba7e202e458ded8602c3da292) Importer(815301076,1909f56bfc062723c751e8b465ee728b)  -> (artifact id: '7a66bd84c295fb4f5663b12a73215710') in 0.066725 seconds 
========================================================================
Received Import Request.
  Time since last request: 0.000134 seconds.
  path: Assets/MentalDreamsAssets/PropsPack/Mesh/Bucket/bucket2.jpg
  artifactKey: Guid(4c8cd58cd69a2aa49ba99bb126eda183) Importer(815301076,1909f56bfc062723c751e8b465ee728b)
Start importing Assets/MentalDreamsAssets/PropsPack/Mesh/Bucket/bucket2.jpg using Guid(4c8cd58cd69a2aa49ba99bb126eda183) Importer(815301076,1909f56bfc062723c751e8b465ee728b)  -> (artifact id: '03c527600788bbc66114319a88528695') in 0.115037 seconds 
========================================================================
Received Import Request.
  Time since last request: 0.000885 seconds.
  path: Assets/MentalDreamsAssets/PropsPack/Mesh/Bucket/bucket.FBX
  artifactKey: Guid(58e2a03b48c235e49a6d57aff30acaa1) Importer(815301076,1909f56bfc062723c751e8b465ee728b)
Start importing Assets/MentalDreamsAssets/PropsPack/Mesh/Bucket/bucket.FBX using Guid(58e2a03b48c235e49a6d57aff30acaa1) Importer(815301076,1909f56bfc062723c751e8b465ee728b)  -> (artifact id: '0ae1222544172cf15ef170bd363a010b') in 0.216996 seconds 
========================================================================
Received Import Request.
  Time since last request: 14.681959 seconds.
  path: Assets/MentalDreamsAssets/PropsPack/Mesh/Bucket/Materials
  artifactKey: Guid(06014c26e94d12d4aa4b505be9f5e3f7) Importer(815301076,1909f56bfc062723c751e8b465ee728b)
Start importing Assets/MentalDreamsAssets/PropsPack/Mesh/Bucket/Materials using Guid(06014c26e94d12d4aa4b505be9f5e3f7) Importer(815301076,1909f56bfc062723c751e8b465ee728b)  -> (artifact id: 'fe91928636968e1886320ecbc98779ed') in 0.098720 seconds 
========================================================================
Received Import Request.
  Time since last request: 0.000197 seconds.
  path: Assets/MentalDreamsAssets/PropsPack/Mesh/Bucket/Materials/bucket.mat
  artifactKey: Guid(0628f7c790f11544780d1fd93abadfbc) Importer(815301076,1909f56bfc062723c751e8b465ee728b)
Start importing Assets/MentalDreamsAssets/PropsPack/Mesh/Bucket/Materials/bucket.mat using Guid(0628f7c790f11544780d1fd93abadfbc) Importer(815301076,1909f56bfc062723c751e8b465ee728b)  -> (artifact id: '065a7f230170b47c78b5e35b0df07896') in 0.068172 seconds 
========================================================================
Received Import Request.
  Time since last request: 0.000442 seconds.
  path: Assets/MentalDreamsAssets/PropsPack/Mesh/Bucket/Materials/bucket2.mat
  artifactKey: Guid(447202917a5178140909d6dbaf728942) Importer(815301076,1909f56bfc062723c751e8b465ee728b)
Start importing Assets/MentalDreamsAssets/PropsPack/Mesh/Bucket/Materials/bucket2.mat using Guid(447202917a5178140909d6dbaf728942) Importer(815301076,1909f56bfc062723c751e8b465ee728b)  -> (artifact id: 'ff88cc93348804d796360bbc859ba850') in 0.077360 seconds 
========================================================================
Received Import Request.
  Time since last request: 4.090274 seconds.
  path: Assets/MentalDreamsAssets/PropsPack/Mesh/Box
  artifactKey: Guid(877e16394da927747a742ad7b62ac3c3) Importer(815301076,1909f56bfc062723c751e8b465ee728b)
Start importing Assets/MentalDreamsAssets/PropsPack/Mesh/Box using Guid(877e16394da927747a742ad7b62ac3c3) Importer(815301076,1909f56bfc062723c751e8b465ee728b)  -> (artifact id: '2c3945d23babf600644cf083a8ad7f30') in 0.092549 seconds 
========================================================================
Received Import Request.
  Time since last request: 0.000125 seconds.
  path: Assets/MentalDreamsAssets/PropsPack/Mesh/Box/box.fbx
  artifactKey: Guid(0ee24776eaaff2f44b5d0e68a329c070) Importer(815301076,1909f56bfc062723c751e8b465ee728b)
Start importing Assets/MentalDreamsAssets/PropsPack/Mesh/Box/box.fbx using Guid(0ee24776eaaff2f44b5d0e68a329c070) Importer(815301076,1909f56bfc062723c751e8b465ee728b)  -> (artifact id: '78ce05b13858cf892cccbcef02684501') in 1.294698 seconds 
========================================================================
Received Import Request.
  Time since last request: 0.000086 seconds.
  path: Assets/MentalDreamsAssets/PropsPack/Mesh/Box/box_diffulse.png
  artifactKey: Guid(6526b23580344044eab4406721d699f2) Importer(815301076,1909f56bfc062723c751e8b465ee728b)
Start importing Assets/MentalDreamsAssets/PropsPack/Mesh/Box/box_diffulse.png using Guid(6526b23580344044eab4406721d699f2) Importer(815301076,1909f56bfc062723c751e8b465ee728b)  -> (artifact id: '627ab278308d933a1b7ab2508914097b') in 0.119969 seconds 
========================================================================
Received Import Request.
  Time since last request: 23.938260 seconds.
  path: Assets/MentalDreamsAssets/PropsPack/Mesh/whell
  artifactKey: Guid(118ef32c6468a67448ffa5820eb82b42) Importer(815301076,1909f56bfc062723c751e8b465ee728b)
Start importing Assets/MentalDreamsAssets/PropsPack/Mesh/whell using Guid(118ef32c6468a67448ffa5820eb82b42) Importer(815301076,1909f56bfc062723c751e8b465ee728b)  -> (artifact id: '3179ad471ea2497d9cc0df494d58bad8') in 0.117516 seconds 
========================================================================
Received Import Request.
  Time since last request: 0.000382 seconds.
  path: Assets/MentalDreamsAssets/PropsPack/Mesh/whell/73569addd3c7.jpg
  artifactKey: Guid(14ea07436c9a858428eef78203e79d80) Importer(815301076,1909f56bfc062723c751e8b465ee728b)
Start importing Assets/MentalDreamsAssets/PropsPack/Mesh/whell/73569addd3c7.jpg using Guid(14ea07436c9a858428eef78203e79d80) Importer(815301076,1909f56bfc062723c751e8b465ee728b)  -> (artifact id: '97aaa24fddd14eba92abaa12b2a8ec5a') in 0.087821 seconds 
========================================================================
Received Import Request.
  Time since last request: 0.000135 seconds.
  path: Assets/MentalDreamsAssets/PropsPack/Mesh/whell/wheel.jpg
  artifactKey: Guid(790c02a4cc6d7ad41a0b1edb1fb86af8) Importer(815301076,1909f56bfc062723c751e8b465ee728b)
Start importing Assets/MentalDreamsAssets/PropsPack/Mesh/whell/wheel.jpg using Guid(790c02a4cc6d7ad41a0b1edb1fb86af8) Importer(815301076,1909f56bfc062723c751e8b465ee728b)  -> (artifact id: 'e1c2778d9e0b04e304074a9f7e864d0a') in 0.148337 seconds 
========================================================================
Received Import Request.
  Time since last request: 0.000114 seconds.
  path: Assets/MentalDreamsAssets/PropsPack/Mesh/whell/arabaLastigi.FBX
  artifactKey: Guid(9182a173459a8f24986f0b817deee93b) Importer(815301076,1909f56bfc062723c751e8b465ee728b)
Start importing Assets/MentalDreamsAssets/PropsPack/Mesh/whell/arabaLastigi.FBX using Guid(9182a173459a8f24986f0b817deee93b) Importer(815301076,1909f56bfc062723c751e8b465ee728b)  -> (artifact id: '7148bcc21bdb4911733f9edc29dcd105') in 0.236162 seconds 
========================================================================
Received Import Request.
  Time since last request: 0.000102 seconds.
  path: Assets/MentalDreamsAssets/PropsPack/Mesh/whell/citroen_berlingoNorm.png
  artifactKey: Guid(fc85f5535af001c4d8fcbbf64ca93d60) Importer(815301076,1909f56bfc062723c751e8b465ee728b)
Start importing Assets/MentalDreamsAssets/PropsPack/Mesh/whell/citroen_berlingoNorm.png using Guid(fc85f5535af001c4d8fcbbf64ca93d60) Importer(815301076,1909f56bfc062723c751e8b465ee728b)  -> (artifact id: 'c5d1864a377c6dc30c46a6de9a6cdddb') in 0.126937 seconds 
========================================================================
Received Import Request.
  Time since last request: 64.502895 seconds.
  path: Assets/MentalDreamsAssets/PropsPack/Mesh/box2
  artifactKey: Guid(2f2f3cea8bfe8cb4dad7b7e614cb30e0) Importer(815301076,1909f56bfc062723c751e8b465ee728b)
Start importing Assets/MentalDreamsAssets/PropsPack/Mesh/box2 using Guid(2f2f3cea8bfe8cb4dad7b7e614cb30e0) Importer(815301076,1909f56bfc062723c751e8b465ee728b)  -> (artifact id: 'e89e6063b0ebfed137f28cac5a56885e') in 0.081078 seconds 
========================================================================
Received Import Request.
  Time since last request: 0.000364 seconds.
  path: Assets/MentalDreamsAssets/PropsPack/Mesh/box2/boxesNormal.jpg
  artifactKey: Guid(61ac289da7eb6674db9c9402fa28b81e) Importer(815301076,1909f56bfc062723c751e8b465ee728b)
Start importing Assets/MentalDreamsAssets/PropsPack/Mesh/box2/boxesNormal.jpg using Guid(61ac289da7eb6674db9c9402fa28b81e) Importer(815301076,1909f56bfc062723c751e8b465ee728b)  -> (artifact id: 'd86dec516d68f0593496ee359c28751e') in 0.098046 seconds 
========================================================================
Received Import Request.
  Time since last request: 0.000463 seconds.
  path: Assets/MentalDreamsAssets/PropsPack/Mesh/box2/boxes.jpg
  artifactKey: Guid(465b0e1f3a1e79f4d874b9ae2d48bd9d) Importer(815301076,1909f56bfc062723c751e8b465ee728b)
Start importing Assets/MentalDreamsAssets/PropsPack/Mesh/box2/boxes.jpg using Guid(465b0e1f3a1e79f4d874b9ae2d48bd9d) Importer(815301076,1909f56bfc062723c751e8b465ee728b)  -> (artifact id: 'fabd8f6f6ffb7bfc9b580531359c137e') in 0.163420 seconds 
========================================================================
Received Import Request.
  Time since last request: 0.000179 seconds.
  path: Assets/MentalDreamsAssets/PropsPack/Mesh/box2/boxes.FBX
  artifactKey: Guid(c2a670461d1e98640a95085deb55889c) Importer(815301076,1909f56bfc062723c751e8b465ee728b)
Start importing Assets/MentalDreamsAssets/PropsPack/Mesh/box2/boxes.FBX using Guid(c2a670461d1e98640a95085deb55889c) Importer(815301076,1909f56bfc062723c751e8b465ee728b)  -> (artifact id: 'db278b40ae711f992f610ed84c48bcf4') in 1.332375 seconds 
========================================================================
Received Import Request.
  Time since last request: 15.386899 seconds.
  path: Assets/MentalDreamsAssets/PropsPack/Mesh/Barrel
  artifactKey: Guid(f789c5500ed93c0489cb8aab44a43f08) Importer(815301076,1909f56bfc062723c751e8b465ee728b)
Start importing Assets/MentalDreamsAssets/PropsPack/Mesh/Barrel using Guid(f789c5500ed93c0489cb8aab44a43f08) Importer(815301076,1909f56bfc062723c751e8b465ee728b)  -> (artifact id: '98b5772c4f0c2b09a435264549f071ae') in 0.089845 seconds 
========================================================================
Received Import Request.
  Time since last request: 0.000118 seconds.
  path: Assets/MentalDreamsAssets/PropsPack/Mesh/Barrel/varil_diffulse - Kopya.jpg
  artifactKey: Guid(61e79a7b47f1ebe4d85eb84075a7dd33) Importer(815301076,1909f56bfc062723c751e8b465ee728b)
Start importing Assets/MentalDreamsAssets/PropsPack/Mesh/Barrel/varil_diffulse - Kopya.jpg using Guid(61e79a7b47f1ebe4d85eb84075a7dd33) Importer(815301076,1909f56bfc062723c751e8b465ee728b)  -> (artifact id: '8240fc0c2048a104d848c277d4497eca') in 0.092315 seconds 
========================================================================
Received Import Request.
  Time since last request: 0.000121 seconds.
  path: Assets/MentalDreamsAssets/PropsPack/Mesh/Barrel/barrel.FBX
  artifactKey: Guid(83214336a895d6c4783299d8e625ceb9) Importer(815301076,1909f56bfc062723c751e8b465ee728b)
Start importing Assets/MentalDreamsAssets/PropsPack/Mesh/Barrel/barrel.FBX using Guid(83214336a895d6c4783299d8e625ceb9) Importer(815301076,1909f56bfc062723c751e8b465ee728b)  -> (artifact id: 'cd68aa76a7764e95f9c510328ec4f9f2') in 0.160241 seconds 
========================================================================
Received Import Request.
  Time since last request: 0.000678 seconds.
  path: Assets/MentalDreamsAssets/PropsPack/Mesh/Barrel/varil_diffulse.jpg
  artifactKey: Guid(2e8e8acd0ef5bda43bd9bad43fe7088e) Importer(815301076,1909f56bfc062723c751e8b465ee728b)
Start importing Assets/MentalDreamsAssets/PropsPack/Mesh/Barrel/varil_diffulse.jpg using Guid(2e8e8acd0ef5bda43bd9bad43fe7088e) Importer(815301076,1909f56bfc062723c751e8b465ee728b)  -> (artifact id: 'fd0829be4737003f262a1261432f0310') in 0.104917 seconds 
========================================================================
Received Import Request.
  Time since last request: 69.641323 seconds.
  path: Assets/NatureStarterKit/Models
  artifactKey: Guid(4a318bb5a2615fd4c900ced588c5dd14) Importer(815301076,1909f56bfc062723c751e8b465ee728b)
Start importing Assets/NatureStarterKit/Models using Guid(4a318bb5a2615fd4c900ced588c5dd14) Importer(815301076,1909f56bfc062723c751e8b465ee728b)  -> (artifact id: 'fa0e9e9d7fc90f169af665b23e2f938f') in 0.078882 seconds 
========================================================================
Received Import Request.
  Time since last request: 0.000103 seconds.
  path: Assets/NatureStarterKit/Models/cloud1.FBX
  artifactKey: Guid(988a02cd95a43a2468a3dfd348994f62) Importer(815301076,1909f56bfc062723c751e8b465ee728b)
Start importing Assets/NatureStarterKit/Models/cloud1.FBX using Guid(988a02cd95a43a2468a3dfd348994f62) Importer(815301076,1909f56bfc062723c751e8b465ee728b)  -> (artifact id: 'b5702aad58b9175523f85402282e59f8') in 0.234865 seconds 
========================================================================
Received Import Request.
  Time since last request: 0.000154 seconds.
  path: Assets/NatureStarterKit/Models/rock04.fbx
  artifactKey: Guid(0d390c947ceb79940aa697ab6e3a3542) Importer(815301076,1909f56bfc062723c751e8b465ee728b)
Start importing Assets/NatureStarterKit/Models/rock04.fbx using Guid(0d390c947ceb79940aa697ab6e3a3542) Importer(815301076,1909f56bfc062723c751e8b465ee728b)  -> (artifact id: '7be93cdea50c32093aa20bd943bf0d9b') in 0.171644 seconds 
========================================================================
Received Import Request.
  Time since last request: 0.000083 seconds.
  path: Assets/NatureStarterKit/Models/rock02.fbx
  artifactKey: Guid(d4f42247e4fd5aa469325fdd13e321b1) Importer(815301076,1909f56bfc062723c751e8b465ee728b)
Start importing Assets/NatureStarterKit/Models/rock02.fbx using Guid(d4f42247e4fd5aa469325fdd13e321b1) Importer(815301076,1909f56bfc062723c751e8b465ee728b)  -> (artifact id: 'f9c4d420a77c4335750a37cf566c225f') in 0.170252 seconds 
========================================================================
Received Import Request.
  Time since last request: 0.000792 seconds.
  path: Assets/NatureStarterKit/Models/New Terrain.asset
  artifactKey: Guid(61abdd755e4ed1b4692e805247448163) Importer(815301076,1909f56bfc062723c751e8b465ee728b)
Start importing Assets/NatureStarterKit/Models/New Terrain.asset using Guid(61abdd755e4ed1b4692e805247448163) Importer(815301076,1909f56bfc062723c751e8b465ee728b)  -> (artifact id: '4615ff33979eb39e2ee9730f22d46d17') in 0.374740 seconds 
========================================================================
Received Import Request.
  Time since last request: 0.000568 seconds.
  path: Assets/NatureStarterKit/Models/rock01.fbx
  artifactKey: Guid(9cc52a258e82a754abef0f48ee8e199c) Importer(815301076,1909f56bfc062723c751e8b465ee728b)
Start importing Assets/NatureStarterKit/Models/rock01.fbx using Guid(9cc52a258e82a754abef0f48ee8e199c) Importer(815301076,1909f56bfc062723c751e8b465ee728b)  -> (artifact id: '30810aa78a0182f5de043ec7b579847c') in 0.112688 seconds 
========================================================================
Received Import Request.
  Time since last request: 0.000079 seconds.
  path: Assets/NatureStarterKit/Models/skybox.FBX
  artifactKey: Guid(1e21e712dd3f93b4abd229869573eade) Importer(815301076,1909f56bfc062723c751e8b465ee728b)
Start importing Assets/NatureStarterKit/Models/skybox.FBX using Guid(1e21e712dd3f93b4abd229869573eade) Importer(815301076,1909f56bfc062723c751e8b465ee728b)  -> (artifact id: 'ef884620ecc8adffb8ae1cecb3dcab95') in 0.373694 seconds 
========================================================================
Received Import Request.
  Time since last request: 0.000132 seconds.
  path: Assets/NatureStarterKit/Models/Tree.prefab
  artifactKey: Guid(0018a0d5fcd38d34d81764846a43c4bd) Importer(815301076,1909f56bfc062723c751e8b465ee728b)
Start importing Assets/NatureStarterKit/Models/Tree.prefab using Guid(0018a0d5fcd38d34d81764846a43c4bd) Importer(815301076,1909f56bfc062723c751e8b465ee728b)  -> (artifact id: '1342e9ac17e9ec859e19d48d47628943') in 1.509860 seconds 
========================================================================
Received Import Request.
  Time since last request: 0.000169 seconds.
  path: Assets/NatureStarterKit/Models/rock03.fbx
  artifactKey: Guid(901490205d4d95e4d8fd461462b7c61a) Importer(815301076,1909f56bfc062723c751e8b465ee728b)
Start importing Assets/NatureStarterKit/Models/rock03.fbx using Guid(901490205d4d95e4d8fd461462b7c61a) Importer(815301076,1909f56bfc062723c751e8b465ee728b)  -> (artifact id: '4bd322ae46de96a1ef63b95f5dd145ea') in 0.149221 seconds 
========================================================================
Received Import Request.
  Time since last request: 92.079199 seconds.
  path: Assets/NatureStarterKit/Standard Assets
  artifactKey: Guid(9e0d87e9202fc9f49a733b7401b4542b) Importer(815301076,1909f56bfc062723c751e8b465ee728b)
Start importing Assets/NatureStarterKit/Standard Assets using Guid(9e0d87e9202fc9f49a733b7401b4542b) Importer(815301076,1909f56bfc062723c751e8b465ee728b)  -> (artifact id: 'd26dd4b312ca78cff94db4a1d8fbe281') in 0.089839 seconds 
========================================================================
Received Import Request.
  Time since last request: 1.068342 seconds.
  path: Assets/NatureStarterKit/Standard Assets/Effects
  artifactKey: Guid(61937c98ffe98a54e9f4277af16dd5c4) Importer(815301076,1909f56bfc062723c751e8b465ee728b)
Start importing Assets/NatureStarterKit/Standard Assets/Effects using Guid(61937c98ffe98a54e9f4277af16dd5c4) Importer(815301076,1909f56bfc062723c751e8b465ee728b)  -> (artifact id: '1e826ec76a9bc3c938a9277bba6c7095') in 0.084400 seconds 
========================================================================
Received Import Request.
  Time since last request: 0.649586 seconds.
  path: Assets/NatureStarterKit/Standard Assets/Effects/ImageEffects
  artifactKey: Guid(319e07cc3ce715e4bbcf2d436a8469ce) Importer(815301076,1909f56bfc062723c751e8b465ee728b)
Start importing Assets/NatureStarterKit/Standard Assets/Effects/ImageEffects using Guid(319e07cc3ce715e4bbcf2d436a8469ce) Importer(815301076,1909f56bfc062723c751e8b465ee728b)  -> (artifact id: '1ab40a8ca7c9a759d6849adf1912370c') in 0.087724 seconds 
========================================================================
Received Import Request.
  Time since last request: 1.279083 seconds.
  path: Assets/NatureStarterKit/Standard Assets/Effects/ImageEffects/Textures
  artifactKey: Guid(0ab934a04cd22bf44b1f228deeca43b4) Importer(815301076,1909f56bfc062723c751e8b465ee728b)
Start importing Assets/NatureStarterKit/Standard Assets/Effects/ImageEffects/Textures using Guid(0ab934a04cd22bf44b1f228deeca43b4) Importer(815301076,1909f56bfc062723c751e8b465ee728b)  -> (artifact id: '52dd78f69da8ab6a2919761392cc70c2') in 0.092356 seconds 
========================================================================
Received Import Request.
  Time since last request: 0.000709 seconds.
  path: Assets/NatureStarterKit/Standard Assets/Effects/ImageEffects/Textures/HexShape.psd
  artifactKey: Guid(a4cdca73d61814d33ac1587f6c163bca) Importer(815301076,1909f56bfc062723c751e8b465ee728b)
Start importing Assets/NatureStarterKit/Standard Assets/Effects/ImageEffects/Textures/HexShape.psd using Guid(a4cdca73d61814d33ac1587f6c163bca) Importer(815301076,1909f56bfc062723c751e8b465ee728b)  -> (artifact id: '9eef74db2035b26f1a5e5805a4ef7c2b') in 0.067443 seconds 
========================================================================
Received Import Request.
  Time since last request: 0.000521 seconds.
  path: Assets/NatureStarterKit/Standard Assets/Effects/ImageEffects/Textures/NoiseEffectScratch.png
  artifactKey: Guid(6205c27cc031f4e66b8ea90d1bfaa158) Importer(815301076,1909f56bfc062723c751e8b465ee728b)
Start importing Assets/NatureStarterKit/Standard Assets/Effects/ImageEffects/Textures/NoiseEffectScratch.png using Guid(6205c27cc031f4e66b8ea90d1bfaa158) Importer(815301076,1909f56bfc062723c751e8b465ee728b)  -> (artifact id: 'd153455654309d2945d4eca83dc01c1b') in 0.069303 seconds 
========================================================================
Received Import Request.
  Time since last request: 0.000112 seconds.
  path: Assets/NatureStarterKit/Standard Assets/Effects/ImageEffects/Textures/NoiseEffectGrain.png
  artifactKey: Guid(ffa9c02760c2b4e8eb9814ec06c4b05b) Importer(815301076,1909f56bfc062723c751e8b465ee728b)
Start importing Assets/NatureStarterKit/Standard Assets/Effects/ImageEffects/Textures/NoiseEffectGrain.png using Guid(ffa9c02760c2b4e8eb9814ec06c4b05b) Importer(815301076,1909f56bfc062723c751e8b465ee728b)  -> (artifact id: 'a0f81b2de18bec9f92d79f86ec476749') in 0.122131 seconds 
========================================================================
Received Import Request.
  Time since last request: 0.000141 seconds.
  path: Assets/NatureStarterKit/Standard Assets/Effects/ImageEffects/Textures/SphereShape.psd
  artifactKey: Guid(fc00ec05a89da4ff695a4273715cd5ce) Importer(815301076,1909f56bfc062723c751e8b465ee728b)
Start importing Assets/NatureStarterKit/Standard Assets/Effects/ImageEffects/Textures/SphereShape.psd using Guid(fc00ec05a89da4ff695a4273715cd5ce) Importer(815301076,1909f56bfc062723c751e8b465ee728b)  -> (artifact id: '3c92a5336461fd97577b0b9eab1579b5') in 0.075446 seconds 
========================================================================
Received Import Request.
  Time since last request: 0.000123 seconds.
  path: Assets/NatureStarterKit/Standard Assets/Effects/ImageEffects/Textures/VignetteMask.png
  artifactKey: Guid(95ef4804fe0be4c999ddaa383536cde8) Importer(815301076,1909f56bfc062723c751e8b465ee728b)
Start importing Assets/NatureStarterKit/Standard Assets/Effects/ImageEffects/Textures/VignetteMask.png using Guid(95ef4804fe0be4c999ddaa383536cde8) Importer(815301076,1909f56bfc062723c751e8b465ee728b)  -> (artifact id: '14141e38d50ced88f44ead82bc8b727f') in 0.123805 seconds 
========================================================================
Received Import Request.
  Time since last request: 0.000201 seconds.
  path: Assets/NatureStarterKit/Standard Assets/Effects/ImageEffects/Textures/color correction ramp.png
  artifactKey: Guid(d440902fad11e807d00044888d76c639) Importer(815301076,1909f56bfc062723c751e8b465ee728b)
Start importing Assets/NatureStarterKit/Standard Assets/Effects/ImageEffects/Textures/color correction ramp.png using Guid(d440902fad11e807d00044888d76c639) Importer(815301076,1909f56bfc062723c751e8b465ee728b)  -> (artifact id: '75adeb84d621769d670923f742c9493f') in 0.109024 seconds 
========================================================================
Received Import Request.
  Time since last request: 0.000110 seconds.
  path: Assets/NatureStarterKit/Standard Assets/Effects/ImageEffects/Textures/RandomVectors.png
  artifactKey: Guid(a181ca8e3c62f3e4b8f183f6c586b032) Importer(815301076,1909f56bfc062723c751e8b465ee728b)
Start importing Assets/NatureStarterKit/Standard Assets/Effects/ImageEffects/Textures/RandomVectors.png using Guid(a181ca8e3c62f3e4b8f183f6c586b032) Importer(815301076,1909f56bfc062723c751e8b465ee728b)  -> (artifact id: '602935b7cf7ed9efc2562696c01e4fc6') in 0.110183 seconds 
========================================================================
Received Import Request.
  Time since last request: 0.001098 seconds.
  path: Assets/NatureStarterKit/Standard Assets/Effects/ImageEffects/Textures/MotionBlurJitter.png
  artifactKey: Guid(31f5a8611c4ed1245b18456206e798dc) Importer(815301076,1909f56bfc062723c751e8b465ee728b)
Start importing Assets/NatureStarterKit/Standard Assets/Effects/ImageEffects/Textures/MotionBlurJitter.png using Guid(31f5a8611c4ed1245b18456206e798dc) Importer(815301076,1909f56bfc062723c751e8b465ee728b)  -> (artifact id: 'aa7bdeab9e2a57afea9230a49ead8a9f') in 0.111588 seconds 
========================================================================
Received Import Request.
  Time since last request: 0.001004 seconds.
  path: Assets/NatureStarterKit/Standard Assets/Effects/ImageEffects/Textures/NoiseAndGrain.png
  artifactKey: Guid(7a632f967e8ad42f5bd275898151ab6a) Importer(815301076,1909f56bfc062723c751e8b465ee728b)
Start importing Assets/NatureStarterKit/Standard Assets/Effects/ImageEffects/Textures/NoiseAndGrain.png using Guid(7a632f967e8ad42f5bd275898151ab6a) Importer(815301076,1909f56bfc062723c751e8b465ee728b)  -> (artifact id: '41d6297dd2e9b74fe8cc47f04a84296a') in 0.113749 seconds 
========================================================================
Received Import Request.
  Time since last request: 3.568117 seconds.
  path: Assets/NatureStarterKit/Textures
  artifactKey: Guid(13b3d4431d4fbd54aafbf4574cf75f68) Importer(815301076,1909f56bfc062723c751e8b465ee728b)
Start importing Assets/NatureStarterKit/Textures using Guid(13b3d4431d4fbd54aafbf4574cf75f68) Importer(815301076,1909f56bfc062723c751e8b465ee728b)  -> (artifact id: '85468fba0c91edc627780ef3e263169e') in 0.049747 seconds 
